[2026-06-25 11:14:09] === Bot başladı — Kanal: Mindgaps Daily (tahmini kota: 3u) ===
[2026-06-25 11:14:09] Son 1 video taranıyor...
[2026-06-25 11:14:09] Cevaplanacak aday yorum: 0 (max 10 işlenecek)
[2026-06-25 11:14:09] 
=== Bot bitti — 0 cevap gönderildi (toplam history: 0) ===
[2026-06-25 13:28:29] === Bot başladı — Kanal: Mindgaps Daily (tahmini kota: 6u) ===
[2026-06-25 13:28:29] Son 1 video taranıyor...
[2026-06-25 13:28:29] Cevaplanacak aday yorum: 0 (max 10 işlenecek)
[2026-06-25 13:28:29] 
=== Bot bitti — 0 cevap gönderildi (toplam history: 0) ===
[2026-06-25 16:03:22] === Bot başladı — Kanal: Mindgaps Daily (tahmini kota: 9u) ===
[2026-06-25 16:03:22] Son 2 video taranıyor...
[2026-06-25 16:03:23] Cevaplanacak aday yorum: 0 (max 10 işlenecek)
[2026-06-25 16:03:23] 
=== Bot bitti — 0 cevap gönderildi (toplam history: 0) ===
[2026-06-25 18:23:08] === Bot başladı — Kanal: Mindgaps Daily (tahmini kota: 17u) ===
[2026-06-25 18:23:09] Son 3 video taranıyor...
[2026-06-25 18:23:09] Cevaplanacak aday yorum: 0 (max 10 işlenecek)
[2026-06-25 18:23:09] 
=== Bot bitti — 0 cevap gönderildi (toplam history: 0) ===
[2026-06-25 20:30:19] === Bot başladı — Kanal: Mindgaps Daily (tahmini kota: 22u) ===
[2026-06-25 20:30:19] Son 4 video taranıyor...
[2026-06-25 20:30:19]   video xnz8g3x5 yorum çekme fail: <HttpError 403 when requesting https://youtube.googleapis.com/youtube/v3/commentThreads?part=snippet&videoId=xnz8g3x5rvU&maxResults=100&orde
[2026-06-25 20:30:20] Cevaplanacak aday yorum: 0 (max 10 işlenecek)
[2026-06-25 20:30:20] 
=== Bot bitti — 0 cevap gönderildi (toplam history: 0) ===
[2026-06-26 09:50:01] === Bot başladı — Kanal: Mindgaps Daily (tahmini kota: 0u) ===
[2026-06-26 09:50:01] Son 5 video taranıyor...
[2026-06-26 09:50:02] Cevaplanacak aday yorum: 0 (max 10 işlenecek)
[2026-06-26 09:50:02] 
=== Bot bitti — 0 cevap gönderildi (toplam history: 0) ===
[2026-06-26 12:04:50] === Bot başladı — Kanal: Mindgaps Daily (tahmini kota: 7u) ===
[2026-06-26 12:04:50] Son 5 video taranıyor...
[2026-06-26 12:04:51] Cevaplanacak aday yorum: 0 (max 10 işlenecek)
[2026-06-26 12:04:51] 
=== Bot bitti — 0 cevap gönderildi (toplam history: 0) ===
[2026-06-26 14:44:29] === Bot başladı — Kanal: Mindgaps Daily (tahmini kota: 14u) ===
[2026-06-26 14:44:29] Son 5 video taranıyor...
[2026-06-26 14:44:30] Cevaplanacak aday yorum: 0 (max 10 işlenecek)
[2026-06-26 14:44:30] 
=== Bot bitti — 0 cevap gönderildi (toplam history: 0) ===
[2026-06-26 16:52:57] === Bot başladı — Kanal: Mindgaps Daily (tahmini kota: 29u) ===
[2026-06-26 16:52:57] Son 6 video taranıyor...
[2026-06-26 16:52:58] Cevaplanacak aday yorum: 0 (max 10 işlenecek)
[2026-06-26 16:52:58] 
=== Bot bitti — 0 cevap gönderildi (toplam history: 0) ===
[2026-06-26 18:28:06] === Bot başladı — Kanal: Mindgaps Daily (tahmini kota: 37u) ===
[2026-06-26 18:28:06] Son 6 video taranıyor...
[2026-06-26 18:28:07] Cevaplanacak aday yorum: 0 (max 10 işlenecek)
[2026-06-26 18:28:07] 
=== Bot bitti — 0 cevap gönderildi (toplam history: 0) ===
[2026-06-26 20:18:27] === Bot başladı — Kanal: Mindgaps Daily (tahmini kota: 54u) ===
[2026-06-26 20:18:27] Son 7 video taranıyor...
[2026-06-26 20:18:28] Cevaplanacak aday yorum: 0 (max 10 işlenecek)
[2026-06-26 20:18:28] 
=== Bot bitti — 0 cevap gönderildi (toplam history: 0) ===
[2026-06-26 21:44:10] === Bot başladı — Kanal: Mindgaps Daily (tahmini kota: 63u) ===
[2026-06-26 21:44:10] Son 7 video taranıyor...
[2026-06-26 21:44:12] Cevaplanacak aday yorum: 0 (max 10 işlenecek)
[2026-06-26 21:44:12] 
=== Bot bitti — 0 cevap gönderildi (toplam history: 0) ===
[2026-06-26 22:53:40] === Bot başladı — Kanal: Mindgaps Daily (tahmini kota: 82u) ===
[2026-06-26 22:53:41] Son 8 video taranıyor...
[2026-06-26 22:53:42] Cevaplanacak aday yorum: 0 (max 10 işlenecek)
[2026-06-26 22:53:42] 
=== Bot bitti — 0 cevap gönderildi (toplam history: 0) ===
[2026-06-27 04:13:23] === Bot başladı — Kanal: Mindgaps Daily (tahmini kota: 92u) ===
[2026-06-27 04:13:23] Son 8 video taranıyor...
[2026-06-27 04:13:24]   video Fh3Ak0qP yorum çekme fail: <HttpError 403 when requesting https://youtube.googleapis.com/youtube/v3/commentThreads?part=snippet&videoId=Fh3Ak0qPNNA&maxResults=100&orde
[2026-06-27 04:13:25] Cevaplanacak aday yorum: 0 (max 10 işlenecek)
[2026-06-27 04:13:25] 
=== Bot bitti — 0 cevap gönderildi (toplam history: 0) ===
[2026-06-27 07:29:08] === Bot başladı — Kanal: Mindgaps Daily (tahmini kota: 101u) ===
[2026-06-27 07:29:08] Son 8 video taranıyor...
[2026-06-27 07:29:09] Cevaplanacak aday yorum: 0 (max 10 işlenecek)
[2026-06-27 07:29:09] 
=== Bot bitti — 0 cevap gönderildi (toplam history: 0) ===
[2026-06-27 09:38:11] === Bot başladı — Kanal: Mindgaps Daily (tahmini kota: 0u) ===
[2026-06-27 09:38:11] Son 8 video taranıyor...
[2026-06-27 09:38:12] Cevaplanacak aday yorum: 0 (max 10 işlenecek)
[2026-06-27 09:38:12] 
=== Bot bitti — 0 cevap gönderildi (toplam history: 0) ===
[2026-06-27 11:14:23] === Bot başladı — Kanal: Mindgaps Daily (tahmini kota: 10u) ===
[2026-06-27 11:14:23] Son 8 video taranıyor...
[2026-06-27 11:14:24] Cevaplanacak aday yorum: 0 (max 10 işlenecek)
[2026-06-27 11:14:24] 
=== Bot bitti — 0 cevap gönderildi (toplam history: 0) ===
[2026-06-27 12:44:54] === Bot başladı — Kanal: Mindgaps Daily (tahmini kota: 20u) ===
[2026-06-27 12:44:54] Son 8 video taranıyor...
[2026-06-27 12:44:55] Cevaplanacak aday yorum: 0 (max 10 işlenecek)
[2026-06-27 12:44:55] 
=== Bot bitti — 0 cevap gönderildi (toplam history: 0) ===
[2026-06-27 14:18:29] === Bot başladı — Kanal: Mindgaps Daily (tahmini kota: 30u) ===
[2026-06-27 14:18:30] Son 8 video taranıyor...
[2026-06-27 14:18:31] Cevaplanacak aday yorum: 0 (max 10 işlenecek)
[2026-06-27 14:18:31] 
=== Bot bitti — 0 cevap gönderildi (toplam history: 0) ===
[2026-06-27 15:42:20] === Bot başladı — Kanal: Mindgaps Daily (tahmini kota: 51u) ===
[2026-06-27 15:42:20] Son 9 video taranıyor...
[2026-06-27 15:42:21] Cevaplanacak aday yorum: 0 (max 10 işlenecek)
[2026-06-27 15:42:21] 
=== Bot bitti — 0 cevap gönderildi (toplam history: 0) ===
[2026-06-27 16:48:36] === Bot başladı — Kanal: Mindgaps Daily (tahmini kota: 62u) ===
[2026-06-27 16:48:36] Son 9 video taranıyor...
[2026-06-27 16:48:38] Cevaplanacak aday yorum: 0 (max 10 işlenecek)
[2026-06-27 16:48:38] 
=== Bot bitti — 0 cevap gönderildi (toplam history: 0) ===
[2026-06-27 17:49:30] === Bot başladı — Kanal: Mindgaps Daily (tahmini kota: 73u) ===
[2026-06-27 17:49:30] Son 9 video taranıyor...
[2026-06-27 17:49:32] Cevaplanacak aday yorum: 0 (max 10 işlenecek)
[2026-06-27 17:49:32] 
=== Bot bitti — 0 cevap gönderildi (toplam history: 0) ===
[2026-06-27 18:56:37] === Bot başladı — Kanal: Mindgaps Daily (tahmini kota: 84u) ===
[2026-06-27 18:56:37] Son 9 video taranıyor...
[2026-06-27 18:56:39] Cevaplanacak aday yorum: 0 (max 10 işlenecek)
[2026-06-27 18:56:39] 
=== Bot bitti — 0 cevap gönderildi (toplam history: 0) ===
[2026-06-27 20:07:52] === Bot başladı — Kanal: Mindgaps Daily (tahmini kota: 95u) ===
[2026-06-27 20:07:53] Son 9 video taranıyor...
[2026-06-27 20:07:54] Cevaplanacak aday yorum: 0 (max 10 işlenecek)
[2026-06-27 20:07:54] 
=== Bot bitti — 0 cevap gönderildi (toplam history: 0) ===
[2026-06-27 21:18:51] === Bot başladı — Kanal: Mindgaps Daily (tahmini kota: 106u) ===
[2026-06-27 21:18:52] Son 9 video taranıyor...
[2026-06-27 21:18:53] Cevaplanacak aday yorum: 0 (max 10 işlenecek)
[2026-06-27 21:18:53] 
=== Bot bitti — 0 cevap gönderildi (toplam history: 0) ===
[2026-06-27 22:32:42] === Bot başladı — Kanal: Mindgaps Daily (tahmini kota: 117u) ===
[2026-06-27 22:32:42] Son 9 video taranıyor...
[2026-06-27 22:32:44] Cevaplanacak aday yorum: 0 (max 10 işlenecek)
[2026-06-27 22:32:44] 
=== Bot bitti — 0 cevap gönderildi (toplam history: 0) ===
[2026-06-27 23:38:21] === Bot başladı — Kanal: Mindgaps Daily (tahmini kota: 128u) ===
[2026-06-27 23:38:21] Son 9 video taranıyor...
[2026-06-27 23:38:23] Cevaplanacak aday yorum: 0 (max 10 işlenecek)
[2026-06-27 23:38:23] 
=== Bot bitti — 0 cevap gönderildi (toplam history: 0) ===
[2026-06-28 01:50:42] === Bot başladı — Kanal: Mindgaps Daily (tahmini kota: 139u) ===
[2026-06-28 01:50:42] Son 9 video taranıyor...
[2026-06-28 01:50:44] Cevaplanacak aday yorum: 0 (max 10 işlenecek)
[2026-06-28 01:50:44] 
=== Bot bitti — 0 cevap gönderildi (toplam history: 0) ===
[2026-06-28 06:14:01] === Bot başladı — Kanal: Mindgaps Daily (tahmini kota: 150u) ===
[2026-06-28 06:14:01] Son 9 video taranıyor...
[2026-06-28 06:14:02] Cevaplanacak aday yorum: 0 (max 10 işlenecek)
[2026-06-28 06:14:02] 
=== Bot bitti — 0 cevap gönderildi (toplam history: 0) ===
[2026-06-28 09:34:28] === Bot başladı — Kanal: Mindgaps Daily (tahmini kota: 0u) ===
[2026-06-28 09:34:28] Son 9 video taranıyor...
[2026-06-28 09:34:30] Cevaplanacak aday yorum: 0 (max 10 işlenecek)
[2026-06-28 09:34:30] 
=== Bot bitti — 0 cevap gönderildi (toplam history: 0) ===
[2026-06-28 11:23:10] === Bot başladı — Kanal: Mindgaps Daily (tahmini kota: 11u) ===
[2026-06-28 11:23:10] Son 9 video taranıyor...
[2026-06-28 11:23:11] Cevaplanacak aday yorum: 0 (max 10 işlenecek)
[2026-06-28 11:23:11] 
=== Bot bitti — 0 cevap gönderildi (toplam history: 0) ===
[2026-06-28 12:53:27] === Bot başladı — Kanal: Mindgaps Daily (tahmini kota: 34u) ===
[2026-06-28 12:53:27] Son 10 video taranıyor...
[2026-06-28 12:53:29] Cevaplanacak aday yorum: 0 (max 10 işlenecek)
[2026-06-28 12:53:29] 
=== Bot bitti — 0 cevap gönderildi (toplam history: 0) ===
[2026-06-28 14:46:14] === Bot başladı — Kanal: Mindgaps Daily (tahmini kota: 46u) ===
[2026-06-28 14:46:14] Son 10 video taranıyor...
[2026-06-28 14:46:16] Cevaplanacak aday yorum: 0 (max 10 işlenecek)
[2026-06-28 14:46:16] 
=== Bot bitti — 0 cevap gönderildi (toplam history: 0) ===
[2026-06-28 15:59:24] === Bot başladı — Kanal: Mindgaps Daily (tahmini kota: 71u) ===
[2026-06-28 15:59:24] Son 11 video taranıyor...
[2026-06-28 15:59:26] Cevaplanacak aday yorum: 0 (max 10 işlenecek)
[2026-06-28 15:59:26] 
=== Bot bitti — 0 cevap gönderildi (toplam history: 0) ===
[2026-06-28 17:19:56] === Bot başladı — Kanal: Mindgaps Daily (tahmini kota: 84u) ===
[2026-06-28 17:19:56] Son 11 video taranıyor...
[2026-06-28 17:19:58] Cevaplanacak aday yorum: 0 (max 10 işlenecek)
[2026-06-28 17:19:58] 
=== Bot bitti — 0 cevap gönderildi (toplam history: 0) ===
[2026-06-28 18:38:35] === Bot başladı — Kanal: Mindgaps Daily (tahmini kota: 97u) ===
[2026-06-28 18:38:36] Son 11 video taranıyor...
[2026-06-28 18:38:38] Cevaplanacak aday yorum: 0 (max 10 işlenecek)
[2026-06-28 18:38:38] 
=== Bot bitti — 0 cevap gönderildi (toplam history: 0) ===
[2026-06-28 19:58:11] === Bot başladı — Kanal: Mindgaps Daily (tahmini kota: 120u) ===
[2026-06-28 19:58:11] Son 12 video taranıyor...
[2026-06-28 19:58:12]   video D-QjccKb yorum çekme fail: <HttpError 403 when requesting https://youtube.googleapis.com/youtube/v3/commentThreads?part=snippet&videoId=D-QjccKbBVo&maxResults=100&orde
[2026-06-28 19:58:13]   video xnz8g3x5 yorum çekme fail: <HttpError 403 when requesting https://youtube.googleapis.com/youtube/v3/commentThreads?part=snippet&videoId=xnz8g3x5rvU&maxResults=100&orde
[2026-06-28 19:58:13] Cevaplanacak aday yorum: 0 (max 10 işlenecek)
[2026-06-28 19:58:13] 
=== Bot bitti — 0 cevap gönderildi (toplam history: 0) ===
[2026-06-28 22:12:54] === Bot başladı — Kanal: Mindgaps Daily (tahmini kota: 132u) ===
[2026-06-29 11:31:13] === Bot başladı — Kanal: Mindgaps Daily (tahmini kota: 0u) ===
[2026-06-29 11:31:13] Son 12 video taranıyor...
[2026-06-29 11:31:15] Cevaplanacak aday yorum: 0 (max 10 işlenecek)
[2026-06-29 11:31:15] 
=== Bot bitti — 0 cevap gönderildi (toplam history: 0) ===
